Flow report for hw4
Tue Dec 29 11:00:52 2015
Quartus II Version 10.0 Build 218 06/27/2010 SJ Web Edition


---------------------
; Table of Contents ;
---------------------
  1. Legal Notice
  2. Flow Summary
  3. Flow Settings
  4. Flow Non-Default Global Settings
  5. Flow Elapsed Time
  6. Flow OS Summary
  7. Flow Log



----------------
; Legal Notice ;
----------------
Copyright (C) 1991-2010 Altera Corporation
Your use of Altera Corporation's design tools, logic functions 
and other software and tools, and its AMPP partner logic 
functions, and any output files from any of the foregoing 
(including device programming or simulation files), and any 
associated documentation or information are expressly subject 
to the terms and conditions of the Altera Program License 
Subscription Agreement, Altera MegaCore Function License 
Agreement, or other applicable license agreement, including, 
without limitation, that your use is for the sole purpose of 
programming logic devices manufactured by Altera and sold by 
Altera or its authorized distributors.  Please refer to the 
applicable agreement for further details.



+-------------------------------------------------------------------------------+
; Flow Summary                                                                  ;
+------------------------------------+------------------------------------------+
; Flow Status                        ; Successful - Tue Dec 29 11:00:51 2015    ;
; Quartus II Version                 ; 10.0 Build 218 06/27/2010 SJ Web Edition ;
; Revision Name                      ; hw4                                      ;
; Top-level Entity Name              ; hw4                                      ;
; Family                             ; Cyclone IV E                             ;
; Device                             ; EP4CE115F29C7                            ;
; Timing Models                      ; Final                                    ;
; Met timing requirements            ; N/A                                      ;
; Total logic elements               ; 11 / 114,480 ( < 1 % )                   ;
;     Total combinational functions  ; 9 / 114,480 ( < 1 % )                    ;
;     Dedicated logic registers      ; 4 / 114,480 ( < 1 % )                    ;
; Total registers                    ; 4                                        ;
; Total pins                         ; 21 / 529 ( 4 % )                         ;
; Total virtual pins                 ; 0                                        ;
; Total memory bits                  ; 0 / 3,981,312 ( 0 % )                    ;
; Embedded Multiplier 9-bit elements ; 0 / 532 ( 0 % )                          ;
; Total PLLs                         ; 0 / 4 ( 0 % )                            ;
+------------------------------------+------------------------------------------+


+-----------------------------------------+
; Flow Settings                           ;
+-------------------+---------------------+
; Option            ; Setting             ;
+-------------------+---------------------+
; Start date & time ; 12/29/2015 11:00:18 ;
; Main task         ; Compilation         ;
; Revision Name     ; hw4                 ;
+-------------------+---------------------+


+--------------------------------------------------------------------------------------------------------------+
; Flow Non-Default Global Settings                                                                             ;
+-------------------------------------+-----------------------------+---------------+-------------+------------+
; Assignment Name                     ; Value                       ; Default Value ; Entity Name ; Section Id ;
+-------------------------------------+-----------------------------+---------------+-------------+------------+
; COMPILER_SIGNATURE_ID               ; 37752540236.145137961800212 ; --            ; --          ; --         ;
; MAX_CORE_JUNCTION_TEMP              ; 85                          ; --            ; --          ; --         ;
; MIN_CORE_JUNCTION_TEMP              ; 0                           ; --            ; --          ; --         ;
; MISC_FILE                           ; D:/hw4/hw4.dpf              ; --            ; --          ; --         ;
; NOMINAL_CORE_SUPPLY_VOLTAGE         ; 1.2V                        ; --            ; --          ; --         ;
; PARTITION_COLOR                     ; 16764057                    ; --            ; --          ; Top        ;
; PARTITION_FITTER_PRESERVATION_LEVEL ; PLACEMENT_AND_ROUTING       ; --            ; --          ; Top        ;
; PARTITION_NETLIST_TYPE              ; SOURCE                      ; --            ; --          ; Top        ;
+-------------------------------------+-----------------------------+---------------+-------------+------------+


+-------------------------------------------------------------------------------------------------------------------------------+
; Flow Elapsed Time                                                                                                             ;
+---------------------------+--------------+-------------------------+---------------------+------------------------------------+
; Module Name               ; Elapsed Time ; Average Processors Used ; Peak Virtual Memory ; Total CPU Time (on all processors) ;
+---------------------------+--------------+-------------------------+---------------------+------------------------------------+
; Analysis & Synthesis      ; 00:00:02     ; 1.0                     ; 276 MB              ; 00:00:01                           ;
; Fitter                    ; 00:00:20     ; 1.0                     ; 475 MB              ; 00:00:20                           ;
; TimeQuest Timing Analyzer ; 00:00:06     ; 1.0                     ; 332 MB              ; 00:00:04                           ;
; Assembler                 ; 00:00:08     ; 1.0                     ; 488 MB              ; 00:00:08                           ;
; Total                     ; 00:00:36     ; --                      ; --                  ; 00:00:33                           ;
+---------------------------+--------------+-------------------------+---------------------+------------------------------------+


+--------------------------------------------------------------------------------------------+
; Flow OS Summary                                                                            ;
+---------------------------+------------------+---------------+------------+----------------+
; Module Name               ; Machine Hostname ; OS Name       ; OS Version ; Processor type ;
+---------------------------+------------------+---------------+------------+----------------+
; Analysis & Synthesis      ; kotan            ; Windows Vista ; 6.2        ; x86_64         ;
; Fitter                    ; kotan            ; Windows Vista ; 6.2        ; x86_64         ;
; TimeQuest Timing Analyzer ; kotan            ; Windows Vista ; 6.2        ; x86_64         ;
; Assembler                 ; kotan            ; Windows Vista ; 6.2        ; x86_64         ;
+---------------------------+------------------+---------------+------------+----------------+


------------
; Flow Log ;
------------
quartus_map --read_settings_files=on --write_settings_files=off hw4 -c hw4
quartus_fit --read_settings_files=off --write_settings_files=off hw4 -c hw4
quartus_sta hw4 -c hw4
quartus_asm --read_settings_files=off --write_settings_files=off hw4 -c hw4



